[debug] [2023-04-20T15:44:33.383Z] ----------------------------------------------------------------------
[debug] [2023-04-20T15:44:33.385Z] Command:       C:\Program Files\nodejs\node.exe C:\Users\hp\AppData\Roaming\npm\node_modules\firebase-tools\lib\bin\firebase.js init
[debug] [2023-04-20T15:44:33.386Z] CLI Version:   11.28.0
[debug] [2023-04-20T15:44:33.386Z] Platform:      win32
[debug] [2023-04-20T15:44:33.386Z] Node Version:  v16.14.2
[debug] [2023-04-20T15:44:33.392Z] Time:          Thu Apr 20 2023 21:14:33 GMT+0530 (India Standard Time)
[debug] [2023-04-20T15:44:33.393Z] ----------------------------------------------------------------------
[debug] 
[debug] [2023-04-20T15:44:33.397Z] >>> [apiv2][query] GET https://firebase-public.firebaseio.com/cli.json [none]
[debug] [2023-04-20T15:44:33.424Z] > command requires scopes: ["email","openid","https://www.googleapis.com/auth/cloudplatformprojects.readonly","https://www.googleapis.com/auth/firebase","https://www.googleapis.com/auth/cloud-platform"]
[debug] [2023-04-20T15:44:33.424Z] > authorizing via signed-in user (as7686854@gmail.com)
[info] 
     ######## #### ########  ######## ########     ###     ######  ########
     ##        ##  ##     ## ##       ##     ##  ##   ##  ##       ##
     ######    ##  ########  ######   ########  #########  ######  ######
     ##        ##  ##    ##  ##       ##     ## ##     ##       ## ##
     ##       #### ##     ## ######## ########  ##     ##  ######  ########

You're about to initialize a Firebase project in this directory:

  C:\Users\hp\OneDrive\Desktop\web development\AdminPanel

[debug] [2023-04-20T15:44:35.374Z] <<< [apiv2][status] GET https://firebase-public.firebaseio.com/cli.json 200
[debug] [2023-04-20T15:44:35.375Z] <<< [apiv2][body] GET https://firebase-public.firebaseio.com/cli.json {"cloudBuildErrorAfter":1594252800000,"cloudBuildWarnAfter":1590019200000,"defaultNode10After":1594252800000,"minVersion":"3.0.5","node8DeploysDisabledAfter":1613390400000,"node8RuntimeDisabledAfter":1615809600000,"node8WarnAfter":1600128000000}
[info] 
=== Project Setup
[info] 
[info] First, let's associate this project directory with a Firebase project.
[info] You can create multiple project aliases by running firebase use --add, 
[info] but for now we'll just set up a default project.
[info] 
[debug] [2023-04-20T15:45:37.108Z] > refreshing access token with scopes: []
[debug] [2023-04-20T15:45:37.109Z] >>> [apiv2][query] POST https://www.googleapis.com/oauth2/v3/token [none]
[debug] [2023-04-20T15:45:37.110Z] >>> [apiv2][body] POST https://www.googleapis.com/oauth2/v3/token [omitted]
[debug] [2023-04-20T15:45:37.955Z] <<< [apiv2][status] POST https://www.googleapis.com/oauth2/v3/token 200
[debug] [2023-04-20T15:45:37.956Z] <<< [apiv2][body] POST https://www.googleapis.com/oauth2/v3/token [omitted]
[debug] [2023-04-20T15:45:37.978Z] >>> [apiv2][query] GET https://firebase.googleapis.com/v1beta1/projects pageSize=100
[debug] [2023-04-20T15:45:39.027Z] <<< [apiv2][status] GET https://firebase.googleapis.com/v1beta1/projects 200
[debug] [2023-04-20T15:45:39.027Z] <<< [apiv2][body] GET https://firebase.googleapis.com/v1beta1/projects [omitted]
[debug] [2023-04-21T08:42:45.014Z] ----------------------------------------------------------------------
[debug] [2023-04-21T08:42:45.018Z] Command:       C:\Program Files\nodejs\node.exe C:\Users\hp\AppData\Roaming\npm\node_modules\firebase-tools\lib\bin\firebase.js init
[debug] [2023-04-21T08:42:45.020Z] CLI Version:   11.28.0
[debug] [2023-04-21T08:42:45.020Z] Platform:      win32
[debug] [2023-04-21T08:42:45.020Z] Node Version:  v16.14.2
[debug] [2023-04-21T08:42:45.037Z] Time:          Fri Apr 21 2023 14:12:45 GMT+0530 (India Standard Time)
[debug] [2023-04-21T08:42:45.038Z] ----------------------------------------------------------------------
[debug] 
[debug] [2023-04-21T08:42:45.055Z] > command requires scopes: ["email","openid","https://www.googleapis.com/auth/cloudplatformprojects.readonly","https://www.googleapis.com/auth/firebase","https://www.googleapis.com/auth/cloud-platform"]
[debug] [2023-04-21T08:42:45.056Z] > authorizing via signed-in user (as7686854@gmail.com)
[info] 
     ######## #### ########  ######## ########     ###     ######  ########
     ##        ##  ##     ## ##       ##     ##  ##   ##  ##       ##
     ######    ##  ########  ######   ########  #########  ######  ######
     ##        ##  ##    ##  ##       ##     ## ##     ##       ## ##
     ##       #### ##     ## ######## ########  ##     ##  ######  ########

You're about to initialize a Firebase project in this directory:

  C:\Users\hp\OneDrive\Desktop\web development\AdminPanel

[info] 
=== Project Setup
[info] 
[info] First, let's associate this project directory with a Firebase project.
[info] You can create multiple project aliases by running firebase use --add, 
[info] but for now we'll just set up a default project.
[info] 
[info] i  If you want to create a project in a Google Cloud organization or folder, please use "firebase projects:create" instead, and return to this command when you've created the project. 
